{"level":"error","message":"MongoDB connection error: database names cannot contain the character '/'","stack":"MongoAPIError: database names cannot contain the character '/'\n    at validateDatabaseName (C:\\Users\\Nikunj\\Desktop\\projects\\ai-learning-platform\\backend\\node_modules\\mongodb\\lib\\db.js:376:19)\n    at new Db (C:\\Users\\Nikunj\\Desktop\\projects\\ai-learning-platform\\backend\\node_modules\\mongodb\\lib\\db.js:88:9)\n    at MongoClient.db (C:\\Users\\Nikunj\\Desktop\\projects\\ai-learning-platform\\backend\\node_modules\\mongodb\\lib\\mongo_client.js:255:20)\n    at _setClient (C:\\Users\\Nikunj\\Desktop\\projects\\ai-learning-platform\\backend\\node_modules\\mongoose\\lib\\drivers\\node-mongodb-native\\connection.js:337:58)\n    at NativeConnection.createClient (C:\\Users\\Nikunj\\Desktop\\projects\\ai-learning-platform\\backend\\node_modules\\mongoose\\lib\\drivers\\node-mongodb-native\\connection.js:298:3)\n    at process.processTicksAndRejections (node:internal/process/task_queues:95:5)\n    at async NativeConnection.openUri (C:\\Users\\Nikunj\\Desktop\\projects\\ai-learning-platform\\backend\\node_modules\\mongoose\\lib\\connection.js:789:5)","timestamp":"2025-03-21T18:27:08.370Z"}
{"address":"::","code":"EADDRINUSE","errno":-4091,"level":"error","message":"Uncaught Exception: listen EADDRINUSE: address already in use :::5000","port":5000,"stack":"Error: listen EADDRINUSE: address already in use :::5000\n    at Server.setupListenHandle [as _listen2] (node:net:1904:16)\n    at listenInCluster (node:net:1961:12)\n    at Server.listen (node:net:2063:7)\n    at Function.listen (C:\\Users\\Nikunj\\Downloads\\HackSnorlax_hacksphere2\\HackSnorlax_hacksphere2\\backend\\node_modules\\express\\lib\\application.js:635:24)\n    at C:\\Users\\Nikunj\\Downloads\\HackSnorlax_hacksphere2\\HackSnorlax_hacksphere2\\backend\\app.js:73:9\n    at process.processTicksAndRejections (node:internal/process/task_queues:95:5)","syscall":"listen","timestamp":"2025-03-22T10:35:09.300Z"}
{"error":"User validation failed: achievements.0.type: `Speed Runner` is not a valid enum value for path `type`.","level":"error","message":"Error updating points:","timestamp":"2025-03-22T12:04:10.325Z"}
{"error":"User validation failed: achievements.0.type: `Speed Runner` is not a valid enum value for path `type`.","level":"error","message":"Error updating points:","timestamp":"2025-03-22T12:04:10.330Z"}
{"error":"User validation failed: achievements.0.type: `Perfect Balance` is not a valid enum value for path `type`.","level":"error","message":"Error updating points:","timestamp":"2025-03-22T12:04:10.438Z"}
{"error":"User validation failed: achievements.0.type: `Perfect Balance` is not a valid enum value for path `type`.","level":"error","message":"Error updating points:","timestamp":"2025-03-22T12:04:10.449Z"}
{"error":"User validation failed: achievements.0.type: `Master of Elements` is not a valid enum value for path `type`.","level":"error","message":"Error updating points:","timestamp":"2025-03-22T12:04:10.540Z"}
{"error":"User validation failed: achievements.0.type: `Master of Elements` is not a valid enum value for path `type`.","level":"error","message":"Error updating points:","timestamp":"2025-03-22T12:04:10.576Z"}
{"error":"User validation failed: achievements.0.type: `Speed Runner` is not a valid enum value for path `type`.","level":"error","message":"Error updating points:","timestamp":"2025-03-22T12:29:37.706Z"}
{"error":"User validation failed: achievements.0.type: `Speed Runner` is not a valid enum value for path `type`.","level":"error","message":"Error updating points:","timestamp":"2025-03-22T12:29:37.711Z"}
{"error":"User validation failed: achievements.0.type: `Perfect Balance` is not a valid enum value for path `type`.","level":"error","message":"Error updating points:","timestamp":"2025-03-22T12:29:37.902Z"}
{"error":"User validation failed: achievements.0.type: `Perfect Balance` is not a valid enum value for path `type`.","level":"error","message":"Error updating points:","timestamp":"2025-03-22T12:29:37.905Z"}
{"error":"User validation failed: achievements.0.type: `Master of Elements` is not a valid enum value for path `type`.","level":"error","message":"Error updating points:","timestamp":"2025-03-22T12:29:38.106Z"}
{"error":"User validation failed: achievements.0.type: `Master of Elements` is not a valid enum value for path `type`.","level":"error","message":"Error updating points:","timestamp":"2025-03-22T12:29:38.110Z"}
{"error":"User validation failed: achievements.0.type: `Speed Runner` is not a valid enum value for path `type`.","level":"error","message":"Error updating points:","timestamp":"2025-03-22T12:31:03.818Z"}
{"error":"User validation failed: achievements.0.type: `Speed Runner` is not a valid enum value for path `type`.","level":"error","message":"Error updating points:","timestamp":"2025-03-22T12:31:03.822Z"}
{"error":"User validation failed: achievements.0.type: `Perfect Balance` is not a valid enum value for path `type`.","level":"error","message":"Error updating points:","timestamp":"2025-03-22T12:31:35.366Z"}
{"error":"User validation failed: achievements.0.type: `Perfect Balance` is not a valid enum value for path `type`.","level":"error","message":"Error updating points:","timestamp":"2025-03-22T12:31:35.369Z"}
{"error":"User validation failed: achievements.0.type: `Master of Elements` is not a valid enum value for path `type`.","level":"error","message":"Error updating points:","timestamp":"2025-03-22T12:31:35.545Z"}
{"error":"User validation failed: achievements.0.type: `Master of Elements` is not a valid enum value for path `type`.","level":"error","message":"Error updating points:","timestamp":"2025-03-22T12:31:35.548Z"}
